#
# There is insufficient memory for the Java Runtime Environment to continue.
# Native memory allocation (malloc) failed to allocate 820576 bytes for Chunk::new
# Possible reasons:
#   The system is out of physical RAM or swap space
#   In 32 bit mode, the process size limit was hit
# Possible solutions:
#   Reduce memory load on the system
#   Increase physical memory or swap space
#   Check if swap backing store is full
#   Use 64 bit Java on a 64 bit OS
#   Decrease Java heap size (-Xmx/-Xms)
#   Decrease number of Java threads
#   Decrease Java thread stack sizes (-Xss)
#   Set larger code cache with -XX:ReservedCodeCacheSize=
# This output file may be truncated or incomplete.
#
#  Out of Memory Error (allocation.cpp:323), pid=17660, tid=16916
#
# JRE version: Java(TM) SE Runtime Environment (7.0_79-b15) (build 1.7.0_79-b15)
# Java VM: Java HotSpot(TM) 64-Bit Server VM (24.79-b02 mixed mode windows-amd64 compressed oops)
# Failed to write core dump. Minidumps are not enabled by default on client versions of Windows
#

---------------  T H R E A D  ---------------

Current thread (0x0000000008567000):  JavaThread "C2 CompilerThread1" daemon [_thread_in_native, id=16916, stack(0x0000000009bf0000,0x0000000009cf0000)]

Stack: [0x0000000009bf0000,0x0000000009cf0000]

Current CompileTask:
C2:   7332  465   !         com.sun.org.apache.xerces.internal.impl.XMLDocumentFragmentScannerImpl$FragmentContentDriver::next (2345 bytes)


---------------  P R O C E S S  ---------------

Java Threads: ( => current thread )
  0x000000000adc8800 JavaThread "File lock request listener" [_thread_in_native, id=17668, stack(0x000000000c590000,0x000000000c690000)]
  0x000000000abea800 JavaThread "Stdin handler" [_thread_blocked, id=8028, stack(0x000000000c490000,0x000000000c590000)]
  0x000000000ac20800 JavaThread "Daemon worker" [_thread_in_Java, id=10648, stack(0x000000000c390000,0x000000000c490000)]
  0x000000000ac20000 JavaThread "Cancel handler" [_thread_blocked, id=5192, stack(0x000000000c290000,0x000000000c390000)]
  0x000000000ac1e000 JavaThread "Handler for socket connection from /127.0.0.1:62311 to /127.0.0.1:62313" [_thread_in_native, id=13460, stack(0x000000000c190000,0x000000000c290000)]
  0x000000000aa48000 JavaThread "Daemon" [_thread_blocked, id=15952, stack(0x000000000c090000,0x000000000c190000)]
  0x000000000aa88000 JavaThread "Incoming local TCP Connector on port 62311" [_thread_in_native, id=2828, stack(0x000000000beb0000,0x000000000bfb0000)]
  0x0000000008578800 JavaThread "Service Thread" daemon [_thread_blocked, id=3624, stack(0x0000000009cf0000,0x0000000009df0000)]
=>0x0000000008567000 JavaThread "C2 CompilerThread1" daemon [_thread_in_native, id=16916, stack(0x0000000009bf0000,0x0000000009cf0000)]
  0x0000000000c0d800 JavaThread "C2 CompilerThread0" daemon [_thread_in_native, id=15716, stack(0x0000000009af0000,0x0000000009bf0000)]
  0x0000000000c0c800 JavaThread "Attach Listener" daemon [_thread_blocked, id=14800, stack(0x00000000099f0000,0x0000000009af0000)]
  0x0000000000c09800 JavaThread "Signal Dispatcher" daemon [_thread_blocked, id=11852, stack(0x00000000098f0000,0x00000000099f0000)]
  0x0000000000bfa000 JavaThread "Finalizer" daemon [_thread_blocked, id=17640, stack(0x00000000097f0000,0x00000000098f0000)]
  0x0000000000bf1000 JavaThread "Reference Handler" daemon [_thread_blocked, id=15224, stack(0x00000000096f0000,0x00000000097f0000)]
  0x0000000000b10800 JavaThread "main" [_thread_blocked, id=10512, stack(0x0000000000a10000,0x0000000000b10000)]

Other Threads:
  0x0000000008543800 VMThread [stack: 0x00000000095f0000,0x00000000096f0000] [id=15960]
  0x0000000008596800 WatcherThread [stack: 0x0000000009df0000,0x0000000009ef0000] [id=8792]

VM state:not at safepoint (normal execution)

VM Mutex/Monitor currently owned by a thread: None

Heap
 PSYoungGen      total 76800K, used 65044K [0x00000000eaa80000, 0x00000000eff80000, 0x0000000100000000)
  eden space 66560K, 86% used [0x00000000eaa80000,0x00000000ee2f9ea8,0x00000000eeb80000)
  from space 10240K, 70% used [0x00000000ef580000,0x00000000efc8b390,0x00000000eff80000)
  to   space 10240K, 0% used [0x00000000eeb80000,0x00000000eeb80000,0x00000000ef580000)
 ParOldGen       total 86016K, used 13530K [0x00000000c0000000, 0x00000000c5400000, 0x00000000eaa80000)
  object space 86016K, 15% used [0x00000000c0000000,0x00000000c0d36aa8,0x00000000c5400000)
 PSPermGen       total 29184K, used 28978K [0x00000000b0000000, 0x00000000b1c80000, 0x00000000c0000000)
  object space 29184K, 99% used [0x00000000b0000000,0x00000000b1c4c8c0,0x00000000b1c80000)

Card table byte_map: [0x00000000050f0000,0x0000000005380000] byte_map_base: 0x0000000004b70000

Polling page: 0x0000000000510000

Code Cache  [0x0000000002030000, 0x00000000022c0000, 0x0000000005030000)
 total_blobs=1027 nmethods=447 adapters=532 free_code_cache=46609Kb largest_free_block=47687488

Compilation events (10 events):
Event: 7.301 Thread 0x0000000008567000 nmethod 464 0x00000000022a4cd0 code [0x00000000022a4e20, 0x00000000022a4ec8]
Event: 7.301 Thread 0x0000000008567000  465   !         com.sun.org.apache.xerces.internal.impl.XMLDocumentFragmentScannerImpl$FragmentContentDriver::next (2345 bytes)
Event: 7.307 Thread 0x0000000000c0d800 nmethod 462% 0x00000000022a3090 code [0x00000000022a3280, 0x00000000022a3908]
Event: 7.307 Thread 0x0000000000c0d800  466             com.sun.org.apache.xerces.internal.impl.XMLDocumentFragmentScannerImpl::scanDocument (272 bytes)
Event: 7.315 Thread 0x0000000000c0d800 nmethod 466 0x00000000022b33d0 code [0x00000000022b35a0, 0x00000000022b39d0]
Event: 7.315 Thread 0x0000000000c0d800  467             java.util.Hashtable::rehash (168 bytes)
Event: 7.321 Thread 0x0000000000c0d800 nmethod 467 0x000000000229c1d0 code [0x000000000229c360, 0x000000000229c748]
Event: 7.321 Thread 0x0000000000c0d800  468             com.sun.org.apache.xerces.internal.impl.XMLEntityScanner::scanChar (200 bytes)
Event: 7.326 Thread 0x0000000000c0d800 nmethod 468 0x00000000022a4610 code [0x00000000022a4780, 0x00000000022a4a48]
Event: 7.326 Thread 0x0000000000c0d800  469             java.net.URI::quote (208 bytes)

GC Heap History (10 events):
Event: 3.914 GC heap before
{Heap before GC invocations=4 (full 0):
 PSYoungGen      total 38400K, used 38392K [0x00000000eaa80000, 0x00000000ed500000, 0x0000000100000000)
  eden space 33280K, 100% used [0x00000000eaa80000,0x00000000ecb00000,0x00000000ecb00000)
  from space 5120K, 99% used [0x00000000ecb00000,0x00000000ecffe240,0x00000000ed000000)
  to   space 5120K, 0% used [0x00000000ed000000,0x00000000ed000000,0x00000000ed500000)
 ParOldGen       total 86016K, used 5468K [0x00000000c0000000, 0x00000000c5400000, 0x00000000eaa80000)
  object space 86016K, 6% used [0x00000000c0000000,0x00000000c0557198,0x00000000c5400000)
 PSPermGen       total 21504K, used 21331K [0x00000000b0000000, 0x00000000b1500000, 0x00000000c0000000)
  object space 21504K, 99% used [0x00000000b0000000,0x00000000b14d4d80,0x00000000b1500000)
Event: 3.928 GC heap after
Heap after GC invocations=4 (full 0):
 PSYoungGen      total 38400K, used 5104K [0x00000000eaa80000, 0x00000000ef580000, 0x0000000100000000)
  eden space 33280K, 0% used [0x00000000eaa80000,0x00000000eaa80000,0x00000000ecb00000)
  from space 5120K, 99% used [0x00000000ed000000,0x00000000ed4fc030,0x00000000ed500000)
  to   space 5120K, 0% used [0x00000000ecb00000,0x00000000ecb00000,0x00000000ed000000)
 ParOldGen       total 86016K, used 8253K [0x00000000c0000000, 0x00000000c5400000, 0x00000000eaa80000)
  object space 86016K, 9% used [0x00000000c0000000,0x00000000c080f550,0x00000000c5400000)
 PSPermGen       total 21504K, used 21331K [0x00000000b0000000, 0x00000000b1500000, 0x00000000c0000000)
  object space 21504K, 99% used [0x00000000b0000000,0x00000000b14d4d80,0x00000000b1500000)
}
Event: 4.208 GC heap before
{Heap before GC invocations=5 (full 0):
 PSYoungGen      total 38400K, used 38384K [0x00000000eaa80000, 0x00000000ef580000, 0x0000000100000000)
  eden space 33280K, 100% used [0x00000000eaa80000,0x00000000ecb00000,0x00000000ecb00000)
  from space 5120K, 99% used [0x00000000ed000000,0x00000000ed4fc030,0x00000000ed500000)
  to   space 5120K, 0% used [0x00000000ecb00000,0x00000000ecb00000,0x00000000ed000000)
 ParOldGen       total 86016K, used 8253K [0x00000000c0000000, 0x00000000c5400000, 0x00000000eaa80000)
  object space 86016K, 9% used [0x00000000c0000000,0x00000000c080f550,0x00000000c5400000)
 PSPermGen       total 21504K, used 21342K [0x00000000b0000000, 0x00000000b1500000, 0x00000000c0000000)
  object space 21504K, 99% used [0x00000000b0000000,0x00000000b14d7a28,0x00000000b1500000)
Event: 4.225 GC heap after
Heap after GC invocations=5 (full 0):
 PSYoungGen      total 38400K, used 5104K [0x00000000eaa80000, 0x00000000eff80000, 0x0000000100000000)
  eden space 33280K, 0% used [0x00000000eaa80000,0x00000000eaa80000,0x00000000ecb00000)
  from space 5120K, 99% used [0x00000000ecb00000,0x00000000ecffc030,0x00000000ed000000)
  to   space 10240K, 0% used [0x00000000ef580000,0x00000000ef580000,0x00000000eff80000)
 ParOldGen       total 86016K, used 8637K [0x00000000c0000000, 0x00000000c5400000, 0x00000000eaa80000)
  object space 86016K, 10% used [0x00000000c0000000,0x00000000c086f550,0x00000000c5400000)
 PSPermGen       total 21504K, used 21342K [0x00000000b0000000, 0x00000000b1500000, 0x00000000c0000000)
  object space 21504K, 99% used [0x00000000b0000000,0x00000000b14d7a28,0x00000000b1500000)
}
Event: 4.594 GC heap before
{Heap before GC invocations=6 (full 0):
 PSYoungGen      total 38400K, used 38384K [0x00000000eaa80000, 0x00000000eff80000, 0x0000000100000000)
  eden space 33280K, 100% used [0x00000000eaa80000,0x00000000ecb00000,0x00000000ecb00000)
  from space 5120K, 99% used [0x00000000ecb00000,0x00000000ecffc030,0x00000000ed000000)
  to   space 10240K, 0% used [0x00000000ef580000,0x00000000ef580000,0x00000000eff80000)
 ParOldGen       total 86016K, used 8637K [0x00000000c0000000, 0x00000000c5400000, 0x00000000eaa80000)
  object space 86016K, 10% used [0x00000000c0000000,0x00000000c086f550,0x00000000c5400000)
 PSPermGen       total 21504K, used 21345K [0x00000000b0000000, 0x00000000b1500000, 0x00000000c0000000)
  object space 21504K, 99% used [0x00000000b0000000,0x00000000b14d8480,0x00000000b1500000)
Event: 4.614 GC heap after
Heap after GC invocations=6 (full 0):
 PSYoungGen      total 76800K, used 5568K [0x00000000eaa80000, 0x00000000eff80000, 0x0000000100000000)
  eden space 66560K, 0% used [0x00000000eaa80000,0x00000000eaa80000,0x00000000eeb80000)
  from space 10240K, 54% used [0x00000000ef580000,0x00000000efaf0030,0x00000000eff80000)
  to   space 10240K, 0% used [0x00000000eeb80000,0x00000000eeb80000,0x00000000ef580000)
 ParOldGen       total 86016K, used 8637K [0x00000000c0000000, 0x00000000c5400000, 0x00000000eaa80000)
  object space 86016K, 10% used [0x00000000c0000000,0x00000000c086f550,0x00000000c5400000)
 PSPermGen       total 21504K, used 21345K [0x00000000b0000000, 0x00000000b1500000, 0x00000000c0000000)
  object space 21504K, 99% used [0x00000000b0000000,0x00000000b14d8480,0x00000000b1500000)
}
Event: 5.252 GC heap before
{Heap before GC invocations=7 (full 0):
 PSYoungGen      total 76800K, used 72128K [0x00000000eaa80000, 0x00000000eff80000, 0x0000000100000000)
  eden space 66560K, 100% used [0x00000000eaa80000,0x00000000eeb80000,0x00000000eeb80000)
  from space 10240K, 54% used [0x00000000ef580000,0x00000000efaf0030,0x00000000eff80000)
  to   space 10240K, 0% used [0x00000000eeb80000,0x00000000eeb80000,0x00000000ef580000)
 ParOldGen       total 86016K, used 8637K [0x00000000c0000000, 0x00000000c5400000, 0x00000000eaa80000)
  object space 86016K, 10% used [0x00000000c0000000,0x00000000c086f550,0x00000000c5400000)
 PSPermGen       total 21504K, used 21347K [0x00000000b0000000, 0x00000000b1500000, 0x00000000c0000000)
  object space 21504K, 99% used [0x00000000b0000000,0x00000000b14d8ff8,0x00000000b1500000)
Event: 5.266 GC heap after
Heap after GC invocations=7 (full 0):
 PSYoungGen      total 76800K, used 3812K [0x00000000eaa80000, 0x00000000eff80000, 0x0000000100000000)
  eden space 66560K, 0% used [0x00000000eaa80000,0x00000000eaa80000,0x00000000eeb80000)
  from space 10240K, 37% used [0x00000000eeb80000,0x00000000eef39030,0x00000000ef580000)
  to   space 10240K, 0% used [0x00000000ef580000,0x00000000ef580000,0x00000000eff80000)
 ParOldGen       total 86016K, used 10978K [0x00000000c0000000, 0x00000000c5400000, 0x00000000eaa80000)
  object space 86016K, 12% used [0x00000000c0000000,0x00000000c0ab8a28,0x00000000c5400000)
 PSPermGen       total 21504K, used 21347K [0x00000000b0000000, 0x00000000b1500000, 0x00000000c0000000)
  object space 21504K, 99% used [0x00000000b0000000,0x00000000b14d8ff8,0x00000000b1500000)
}
Event: 6.245 GC heap before
{Heap before GC invocations=8 (full 0):
 PSYoungGen      total 76800K, used 70372K [0x00000000eaa80000, 0x00000000eff80000, 0x0000000100000000)
  eden space 66560K, 100% used [0x00000000eaa80000,0x00000000eeb80000,0x00000000eeb80000)
  from space 10240K, 37% used [0x00000000eeb80000,0x00000000eef39030,0x00000000ef580000)
  to   space 10240K, 0% used [0x00000000ef580000,0x00000000ef580000,0x00000000eff80000)
 ParOldGen       total 86016K, used 10978K [0x00000000c0000000, 0x00000000c5400000, 0x00000000eaa80000)
  object space 86016K, 12% used [0x00000000c0000000,0x00000000c0ab8a28,0x00000000c5400000)
 PSPermGen       total 24576K, used 24137K [0x00000000b0000000, 0x00000000b1800000, 0x00000000c0000000)
  object space 24576K, 98% used [0x00000000b0000000,0x00000000b17927f0,0x00000000b1800000)
Event: 6.257 GC heap after
Heap after GC invocations=8 (full 0):
 PSYoungGen      total 76800K, used 7212K [0x00000000eaa80000, 0x00000000eff80000, 0x0000000100000000)
  eden space 66560K, 0% used [0x00000000eaa80000,0x00000000eaa80000,0x00000000eeb80000)
  from space 10240K, 70% used [0x00000000ef580000,0x00000000efc8b390,0x00000000eff80000)
  to   space 10240K, 0% used [0x00000000eeb80000,0x00000000eeb80000,0x00000000ef580000)
 ParOldGen       total 86016K, used 13530K [0x00000000c0000000, 0x00000000c5400000, 0x00000000eaa80000)
  object space 86016K, 15% used [0x00000000c0000000,0x00000000c0d36aa8,0x00000000c5400000)
 PSPermGen       total 24576K, used 24137K [0x00000000b0000000, 0x00000000b1800000, 0x00000000c0000000)
  object space 24576K, 98% used [0x00000000b0000000,0x00000000b17927f0,0x00000000b1800000)
}

Deoptimization events (10 events):
Event: 5.686 Thread 0x000000000ac20800 Uncommon trap: reason=bimorphic action=maybe_recompile pc=0x00000000020f0c64 method=java.util.HashMap$KeySet.iterator()Ljava/util/Iterator; @ 4
Event: 5.760 Thread 0x000000000ac20800 Uncommon trap: reason=unreached action=reinterpret pc=0x00000000020caef4 method=java.util.HashMap.get(Ljava/lang/Object;)Ljava/lang/Object; @ 1
Event: 6.275 Thread 0x000000000ac20800 Uncommon trap: reason=class_check action=maybe_recompile pc=0x00000000022837ac method=org.codehaus.groovy.runtime.metaclass.MetaMethodIndex.addMethodToList(Ljava/lang/Object;Lgroovy/lang/MetaMethod;)Ljava/lang/Object; @ 218
Event: 6.276 Thread 0x000000000ac20800 Uncommon trap: reason=class_check action=maybe_recompile pc=0x00000000022837ac method=org.codehaus.groovy.runtime.metaclass.MetaMethodIndex.addMethodToList(Ljava/lang/Object;Lgroovy/lang/MetaMethod;)Ljava/lang/Object; @ 218
Event: 6.283 Thread 0x000000000ac20800 Uncommon trap: reason=unreached action=reinterpret pc=0x0000000002101994 method=java.lang.ref.ReferenceQueue.poll()Ljava/lang/ref/Reference; @ 4
Event: 6.283 Thread 0x000000000ac20800 Uncommon trap: reason=unreached action=reinterpret pc=0x00000000021010c4 method=java.lang.ref.ReferenceQueue.poll()Ljava/lang/ref/Reference; @ 4
Event: 6.301 Thread 0x000000000ac20800 Uncommon trap: reason=null_check action=make_not_entrant pc=0x000000000228f808 method=groovy.lang.MetaClassImpl.createMetaBeanProperty(Lorg/codehaus/groovy/util/SingleKeyHashMap;Ljava/lang/String;ZLgroovy/lang/MetaMethod;)V @ 5
Event: 6.647 Thread 0x000000000ac20800 Uncommon trap: reason=class_check action=maybe_recompile pc=0x000000000224cf58 method=java.util.AbstractList.listIterator()Ljava/util/ListIterator; @ 2
Event: 6.995 Thread 0x000000000ac20800 Uncommon trap: reason=class_check action=maybe_recompile pc=0x000000000224cf58 method=java.util.AbstractList.listIterator()Ljava/util/ListIterator; @ 2
Event: 7.066 Thread 0x000000000ac20800 Uncommon trap: reason=null_check action=make_not_entrant pc=0x00000000020df610 method=com.sun.org.apache.xerces.internal.dom.DeferredDocumentImpl.clearChunkValue([[Ljava/lang/Object;II)Ljava/lang/String; @ 11

Internal exceptions (10 events):
Event: 7.123 Thread 0x000000000ac20800 Threw 0x00000000edaec7c8 at C:\re\jdk7u79\2331\hotspot\src\share\vm\prims\jvm.cpp:1304
Event: 7.124 Thread 0x000000000ac20800 Threw 0x00000000edaf10b8 at C:\re\jdk7u79\2331\hotspot\src\share\vm\prims\jvm.cpp:1304
Event: 7.124 Thread 0x000000000ac20800 Threw 0x00000000edaf1ec0 at C:\re\jdk7u79\2331\hotspot\src\share\vm\prims\jvm.cpp:1304
Event: 7.124 Thread 0x000000000ac20800 Threw 0x00000000edaf8a48 at C:\re\jdk7u79\2331\hotspot\src\share\vm\prims\jvm.cpp:1304
Event: 7.125 Thread 0x000000000ac20800 Threw 0x00000000edafcb30 at C:\re\jdk7u79\2331\hotspot\src\share\vm\prims\jvm.cpp:1304
Event: 7.125 Thread 0x000000000ac20800 Threw 0x00000000edafd810 at C:\re\jdk7u79\2331\hotspot\src\share\vm\prims\jvm.cpp:1304
Event: 7.125 Thread 0x000000000ac20800 Threw 0x00000000edb02eb0 at C:\re\jdk7u79\2331\hotspot\src\share\vm\prims\jvm.cpp:1304
Event: 7.125 Thread 0x000000000ac20800 Threw 0x00000000edb07a38 at C:\re\jdk7u79\2331\hotspot\src\share\vm\prims\jvm.cpp:1304
Event: 7.125 Thread 0x000000000ac20800 Threw 0x00000000edb08b18 at C:\re\jdk7u79\2331\hotspot\src\share\vm\prims\jvm.cpp:1304
Event: 7.125 Thread 0x000000000ac20800 Threw 0x00000000edb11790 at C:\re\jdk7u79\2331\hotspot\src\share\vm\prims\jvm.cpp:1304

Events (10 events):
Event: 7.122 loading class 0x000000000b1757a0
Event: 7.122 loading class 0x000000000b1757a0 done
Event: 7.123 loading class 0x000000000ca82540
Event: 7.123 loading class 0x000000000ca82540 done
Event: 7.124 loading class 0x000000000cb83d70
Event: 7.124 loading class 0x000000000cb83d70 done
Event: 7.124 loading class 0x000000000d786440
Event: 7.124 loading class 0x000000000d786440 done
Event: 7.125 loading class 0x000000000ca82dc0
Event: 7.125 loading class 0x000000000ca82dc0 done


Dynamic libraries:
0x00007ff7ce6a0000 - 0x00007ff7ce6d3000 	C:\Program Files\Java\jdk1.7.0_79\bin\java.exe
0x00007ffacf1a0000 - 0x00007ffacf361000 	C:\WINDOWS\SYSTEM32\ntdll.dll
0x00007fface7a0000 - 0x00007fface84d000 	C:\WINDOWS\system32\KERNEL32.DLL
0x00007ffaba7a0000 - 0x00007ffaba7d3000 	C:\Program Files (x86)\AVG\Av\avghooka.dll
0x00007ffacc170000 - 0x00007ffacc358000 	C:\WINDOWS\system32\KERNELBASE.dll
0x00007fface250000 - 0x00007fface2f7000 	C:\WINDOWS\system32\ADVAPI32.dll
0x00007ffaccb00000 - 0x00007ffaccb9d000 	C:\WINDOWS\system32\msvcrt.dll
0x00007fface860000 - 0x00007fface8bb000 	C:\WINDOWS\system32\sechost.dll
0x00007fface9a0000 - 0x00007ffaceabc000 	C:\WINDOWS\system32\RPCRT4.dll
0x00007fface4e0000 - 0x00007fface636000 	C:\WINDOWS\system32\USER32.dll
0x00007ffacebe0000 - 0x00007ffaced66000 	C:\WINDOWS\system32\GDI32.dll
0x00007ffabef90000 - 0x00007ffabf204000 	C:\WINDOWS\WinSxS\amd64_microsoft.windows.common-controls_6595b64144ccf1df_6.0.10586.0_none_8c15ae12515e1c22\COMCTL32.dll
0x00007ffacc880000 - 0x00007ffaccafd000 	C:\WINDOWS\system32\combase.dll
0x00007ffacc360000 - 0x00007ffacc3ca000 	C:\WINDOWS\system32\bcryptPrimitives.dll
0x00007ffacc7e0000 - 0x00007ffacc81b000 	C:\WINDOWS\system32\IMM32.DLL
0x0000000072800000 - 0x00000000728d2000 	C:\Program Files\Java\jdk1.7.0_79\jre\bin\msvcr100.dll
0x000000006fa80000 - 0x0000000070255000 	C:\Program Files\Java\jdk1.7.0_79\jre\bin\server\jvm.dll
0x00007fface850000 - 0x00007fface858000 	C:\WINDOWS\system32\PSAPI.DLL
0x00007ffac65c0000 - 0x00007ffac65c9000 	C:\WINDOWS\SYSTEM32\WSOCK32.dll
0x00007fface8d0000 - 0x00007fface93b000 	C:\WINDOWS\system32\WS2_32.dll
0x00007ffac8fc0000 - 0x00007ffac8fe3000 	C:\WINDOWS\SYSTEM32\WINMM.dll
0x00007ffac8f90000 - 0x00007ffac8fbc000 	C:\WINDOWS\SYSTEM32\WINMMBASE.dll
0x00007ffacc120000 - 0x00007ffacc163000 	C:\WINDOWS\system32\cfgmgr32.dll
0x00000000727f0000 - 0x00000000727ff000 	C:\Program Files\Java\jdk1.7.0_79\jre\bin\verify.dll
0x00000000727c0000 - 0x00000000727e8000 	C:\Program Files\Java\jdk1.7.0_79\jre\bin\java.dll
0x00000000727a0000 - 0x00000000727b5000 	C:\Program Files\Java\jdk1.7.0_79\jre\bin\zip.dll
0x0000000072780000 - 0x000000007279a000 	C:\Program Files\Java\jdk1.7.0_79\jre\bin\net.dll
0x00007ffacade0000 - 0x00007ffacae3c000 	C:\WINDOWS\system32\mswsock.dll
0x0000000072760000 - 0x0000000072771000 	C:\Program Files\Java\jdk1.7.0_79\jre\bin\nio.dll
0x00007ffac0240000 - 0x00007ffac0252000 	C:\Users\d\.gradle\native\19\windows-amd64\native-platform.dll
0x00007ffacc820000 - 0x00007ffacc872000 	C:\WINDOWS\system32\SHLWAPI.dll
0x00007ffac77d0000 - 0x00007ffac7808000 	C:\WINDOWS\SYSTEM32\IPHLPAPI.DLL
0x00007ffacebd0000 - 0x00007ffacebd8000 	C:\WINDOWS\system32\NSI.dll
0x00007ffac4fe0000 - 0x00007ffac4ff6000 	C:\WINDOWS\SYSTEM32\dhcpcsvc6.DLL
0x00007ffac4fc0000 - 0x00007ffac4fda000 	C:\WINDOWS\SYSTEM32\dhcpcsvc.DLL
0x00007ffacae90000 - 0x00007ffacaea7000 	C:\WINDOWS\SYSTEM32\CRYPTSP.dll
0x00007ffacab20000 - 0x00007ffacab54000 	C:\WINDOWS\system32\rsaenh.dll
0x00007ffacb560000 - 0x00007ffacb589000 	C:\WINDOWS\SYSTEM32\bcrypt.dll
0x00007ffacac70000 - 0x00007ffacac8f000 	C:\WINDOWS\SYSTEM32\USERENV.dll
0x00007ffacb7d0000 - 0x00007ffacb7e4000 	C:\WINDOWS\system32\profapi.dll
0x00007ffacafb0000 - 0x00007ffacafbb000 	C:\WINDOWS\SYSTEM32\CRYPTBASE.dll

VM Arguments:
jvm_args: -XX:MaxPermSize=256m -XX:+HeapDumpOnOutOfMemoryError -Xmx1024m -Dfile.encoding=windows-1252 -Duser.country=US -Duser.language=en -Duser.variant 
java_command: org.gradle.launcher.daemon.bootstrap.GradleDaemon 2.10
Launcher Type: SUN_STANDARD

Environment Variables:
PATH=C:\ProgramData\Oracle\Java\javapath;C:\Program Files (x86)\Intel\iCLS Client\;C:\Program Files\Intel\iCLS Client\;C:\WINDOWS\system32;C:\WINDOWS;C:\WINDOWS\System32\Wbem;C:\WINDOWS\System32\WindowsPowerShell\v1.0\;C:\Program Files (x86)\Intel\OpenCL SDK\2.0\bin\x86;C:\Program Files (x86)\Intel\OpenCL SDK\2.0\bin\x64;C:\Program Files\Intel\Intel(R) Management Engine Components\DAL;C:\Program Files\Intel\Intel(R) Management Engine Components\IPT;C:\Program Files (x86)\Intel\Intel(R) Management Engine Components\DAL;C:\Program Files (x86)\Intel\Intel(R) Management Engine Components\IPT;C:\Program Files (x86)\Common Files\lenovo\easyplussdk\bin;C:\Users\d\Desktop\Downloads\android-sdk_r24.1.2-windows\android-sdk-windows\platform-tools;C:\Program Files\nodejs\;C:\Program Files (x86)\Windows Live\Shared;C:\Program Files (x86)\Skype\Phone\;C:\Program Files\Git\cmd;C:\HashiCorp\Vagrant\bin;C:\Program Files (x86)\Heroku\bin;C:\Program Files (x86)\git\cmd;C:\Program Files (x86)\GtkSharp\2.12\bin;C:\Users\d\Anaconda2;C:\Users\d\Anaconda2\Scripts;C:\Users\d\Anaconda2\Library\bin;C:\Users\d\AppData\Roaming\npm;C:\Program Files\MongoDB\Server\3.0\bin
USERNAME=d
OS=Windows_NT
PROCESSOR_IDENTIFIER=Intel64 Family 6 Model 58 Stepping 9, GenuineIntel



---------------  S Y S T E M  ---------------

OS: Windows 8.1 , 64 bit Build 9600 

CPU:total 4 (2 cores per cpu, 2 threads per core) family 6 model 58 stepping 9, cmov, cx8, fxsr, mmx, sse, sse2, sse3, ssse3, sse4.1, sse4.2, popcnt, avx, aes, erms, ht, tsc, tscinvbit, tscinv

Memory: 4k page, physical 8268132k(2052968k free), swap 11178236k(4164k free)

vm_info: Java HotSpot(TM) 64-Bit Server VM (24.79-b02) for windows-amd64 JRE (1.7.0_79-b15), built on Apr 10 2015 12:36:16 by "java_re" with unknown MS VC++:1600

time: Sun May 15 12:10:06 2016
elapsed time: 7 seconds

